[debug] [2021-07-23T02:43:00.939Z] ----------------------------------------------------------------------
[debug] [2021-07-23T02:43:00.944Z] Command:       C:\Program Files\nodejs\node.exe C:\Users\Gaurav\AppData\Roaming\npm\node_modules\firebase-tools\lib\bin\firebase.js init
[debug] [2021-07-23T02:43:00.945Z] CLI Version:   9.10.0
[debug] [2021-07-23T02:43:00.945Z] Platform:      win32
[debug] [2021-07-23T02:43:00.945Z] Node Version:  v14.16.0
[debug] [2021-07-23T02:43:00.948Z] Time:          Fri Jul 23 2021 08:13:00 GMT+0530 (India Standard Time)
[debug] [2021-07-23T02:43:00.949Z] ----------------------------------------------------------------------
[debug] 
[debug] [2021-07-23T02:43:00.974Z] > command requires scopes: ["email","openid","https://www.googleapis.com/auth/cloudplatformprojects.readonly","https://www.googleapis.com/auth/firebase","https://www.googleapis.com/auth/cloud-platform"]
[debug] [2021-07-23T02:43:00.975Z] > authorizing via signed-in user (alishapatro725@gmail.com)
[info] 
     ######## #### ########  ######## ########     ###     ######  ########
     ##        ##  ##     ## ##       ##     ##  ##   ##  ##       ##
     ######    ##  ########  ######   ########  #########  ######  ######
     ##        ##  ##    ##  ##       ##     ## ##     ##       ## ##
     ##       #### ##     ## ######## ########  ##     ##  ######  ########

You're about to initialize a Firebase project in this directory:

  D:\React-Prj\TASK\Crud-OPeration-FireBase

Before we get started, keep in mind:

  * You are initializing in an existing Firebase project directory

[info] 
=== Project Setup
[info] 
[info] First, let's associate this project directory with a Firebase project.
[info] You can create multiple project aliases by running firebase use --add, 
[info] but for now we'll just set up a default project.
[info] 
[debug] [2021-07-23T02:43:23.596Z] >>> [apiv2][query] GET https://firebase.googleapis.com/v1beta1/projects/credit-web-app [none]
[debug] [2021-07-23T02:43:24.130Z] <<< [apiv2][status] GET https://firebase.googleapis.com/v1beta1/projects/credit-web-app 200
[debug] [2021-07-23T02:43:24.131Z] <<< [apiv2][body] GET https://firebase.googleapis.com/v1beta1/projects/credit-web-app {"projectId":"credit-web-app","projectNumber":"91959718285","displayName":"Credit-Web-App","name":"projects/credit-web-app","resources":{"hostingSite":"credit-web-app","realtimeDatabaseInstance":"credit-web-app-default-rtdb","storageBucket":"credit-web-app.appspot.com","locationId":"us-central"},"state":"ACTIVE"}
[info] i  Using project credit-web-app (Credit-Web-App) 
[info] 
=== Hosting Setup
[info] 
[info] Your public directory is the folder (relative to your project directory) that
[info] will contain Hosting assets to be uploaded with firebase deploy. If you
[info] have a build process for your assets, use your build's output directory.
[info] 
